<?xml version="1.0" encoding="UTF-8"?>
<!-- Generated by org.testng.reporters.JUnitXMLReporter -->
<testsuite ignored="0" hostname="Ranjeeths-MacBook-Pro.local" failures="0" tests="3" name="Default test" time="0.034" errors="0" timestamp="10 Mar 2021 03:46:50 GMT">
  <testcase classname="PlayingWithString" name="loweringString" time="0.009"/>
  <testcase classname="PlayingWithString" name="lengthString" time="0.001"/>
  <testcase classname="PlayingWithString" name="reverseString" time="0.001"/>
</testsuite> <!-- Default test -->
