<?xml version="1.0" encoding="UTF-8"?>
<!-- Generated by org.testng.reporters.JUnitXMLReporter -->
<testsuite ignored="0" hostname="Ranjeeths-MacBook-Pro.local" failures="0" tests="7" name=" Playing With Strings Ammmaoooo" time="0.044" errors="0" timestamp="10 Mar 2021 05:13:52 GMT">
  <testcase classname="PlayingWithString" name="loweringString" time="0.007"/>
  <testcase classname="PlayingWithString" name="lengthString" time="0.001"/>
  <testcase classname="PlayingWithString" name="reverseString" time="0.001"/>
  <testcase classname="PlayingWithString" name="concatString" time="0.001"/>
  <testcase classname="PlayingWithString" name="splitString" time="0.001"/>
  <testcase classname="PlayingWithString" name="subString" time="0.001"/>
  <testcase classname="PlayingWithString" name="trimString" time="0.003"/>
</testsuite> <!--  Playing With Strings Ammmaoooo -->
